<?xml version="1.0" encoding="UTF-8"?>
<!-- Generated by org.testng.reporters.JUnitReportReporter -->
<testsuite hostname="DESKTOP-AL1U1OV" failures="0" tests="1" name="finalproject.maven.AppTest" time="0.029" errors="0" timestamp="2025-07-11T13:49:47 IST" skipped="0">
  <testcase classname="finalproject.maven.AppTest" name="shouldAnswerWithTrue" time="0.029"/>
</testsuite> <!-- finalproject.maven.AppTest -->
